<?xml version="1.0" encoding="UTF-8"?>
<robot generator="Robot 7.1 (Python 3.10.4 on win32)" generated="2024-10-11T10:22:11.302226" rpa="false" schemaversion="5">
<suite id="s1" name="Assignment3-0" source="F:\Work\New folder\Assignment3-0\..\Assignment3-0">
<suite id="s1-s1" name="Testcase" source="F:\Work\New folder\Assignment3-0\..\Assignment3-0\Testcase">
<suite id="s1-s1-s1" name="Testcase1" source="F:\Work\New folder\Assignment3-0\..\Assignment3-0\Testcase\testcase1.robot">
<kw name="Open test application" owner="common" type="SETUP">
<kw name="Run Keyword If" owner="BuiltIn">
<kw name="Open android application" owner="common">
<kw name="Open Application" owner="AppiumLibrary">
<arg>${devices.remote_url}</arg>
<arg>deviceName=${devices.device_name}</arg>
<arg>platformVersion=${devices.platform_version}</arg>
<arg>platformName=${devices.platform_name}</arg>
<arg>appPackage=${devices.app_package}</arg>
<arg>appActivity=${devices.app_activity}</arg>
<doc>Opens a new application to given Appium server.
Capabilities of appium server, Android and iOS,
Please check https://appium.io/docs/en/2.1/cli/args/
| *Option*            | *Man.* | *Description*     |
| remote_url          | Yes    | Appium server url |
| alias               | no     | alias             |
| strict_ssl          | No     | allows you to send commands to an invalid certificate host like a self-signed one. |</doc>
<status status="PASS" start="2024-10-11T10:22:11.659118" elapsed="6.519562"/>
</kw>
<status status="PASS" start="2024-10-11T10:22:11.659118" elapsed="6.520559"/>
</kw>
<arg>'${PLATFORM}' == 'android'</arg>
<arg>Open android application</arg>
<arg>ELSE IF</arg>
<arg>'${PLATFORM}' == 'ios'</arg>
<arg>Open ios application</arg>
<arg>ELSE</arg>
<arg>Fail</arg>
<arg>Invalid platform: ${PLATFORM}</arg>
<doc>Runs the given keyword with the given arguments, if ``condition`` is true.</doc>
<status status="PASS" start="2024-10-11T10:22:11.658093" elapsed="6.521584"/>
</kw>
<doc>เปิดแอปพลิเคชันทดสอบบนอุปกรณ์ iOS และ Android</doc>
<status status="PASS" start="2024-10-11T10:22:11.658093" elapsed="6.521584"/>
</kw>
<test id="s1-s1-s1-t1" name="tc0-App test" line="7">
<kw name="Click product" owner="click_product_page">
<kw name="Set Variable" owner="BuiltIn">
<msg time="2024-10-11T10:22:18.181441" level="INFO">${product_name} = 6</msg>
<var>${product_name}</var>
<arg>${Tc_001.item1}</arg>
<doc>Returns the given values which can then be assigned to a variables.</doc>
<status status="PASS" start="2024-10-11T10:22:18.180443" elapsed="0.000998"/>
</kw>
<kw name="Replace String" owner="String">
<msg time="2024-10-11T10:22:18.182438" level="INFO">${locator} = xpath=(//android.view.ViewGroup[@content-desc="store item"])[6]/android.view.ViewGroup[1]/android.widget.ImageView</msg>
<var>${locator}</var>
<arg>${product}</arg>
<arg>{product_name}</arg>
<arg>${product_name}</arg>
<doc>Replaces ``search_for`` in the given ``string`` with ``replace_with``.</doc>
<status status="PASS" start="2024-10-11T10:22:18.181441" elapsed="0.000997"/>
</kw>
<kw name="Tap when ready" owner="common">
<kw name="Wait Until Element Is Visible" owner="AppiumLibrary">
<msg time="2024-10-11T10:22:19.309223" level="INFO">xpath criteria: (//android.view.ViewGroup[@content-desc="store item"])[6]/android.view.ViewGroup[1]/android.widget.ImageView</msg>
<arg>${locator}</arg>
<arg>${set.waittime}</arg>
<doc>Waits until element specified with `locator` is visible.</doc>
<status status="PASS" start="2024-10-11T10:22:18.182438" elapsed="1.127754"/>
</kw>
<kw name="Click Element" owner="AppiumLibrary">
<msg time="2024-10-11T10:22:19.311189" level="INFO">Clicking element 'xpath=(//android.view.ViewGroup[@content-desc="store item"])[6]/android.view.ViewGroup[1]/android.widget.ImageView'.</msg>
<msg time="2024-10-11T10:22:19.419378" level="INFO">xpath criteria: (//android.view.ViewGroup[@content-desc="store item"])[6]/android.view.ViewGroup[1]/android.widget.ImageView</msg>
<arg>${locator}</arg>
<doc>Click element identified by `locator`.</doc>
<status status="PASS" start="2024-10-11T10:22:19.310192" elapsed="0.110181"/>
</kw>
<arg>${locator}</arg>
<status status="PASS" start="2024-10-11T10:22:18.182438" elapsed="1.237935"/>
</kw>
<arg>1</arg>
<status status="PASS" start="2024-10-11T10:22:18.180443" elapsed="1.239930"/>
</kw>
<kw name="Add product to cart" owner="add_product_features">
<kw name="Add product" owner="add_product_page">
<kw name="Tap when ready" owner="common">
<kw name="Wait Until Element Is Visible" owner="AppiumLibrary">
<msg time="2024-10-11T10:22:20.474217" level="INFO">xpath criteria: //android.view.ViewGroup[@content-desc="Add To Cart button"]
xpath criteria: //android.view.ViewGroup[@content-desc="Add To Cart button"]</msg>
<arg>${locator}</arg>
<arg>${set.waittime}</arg>
<doc>Waits until element specified with `locator` is visible.</doc>
<status status="PASS" start="2024-10-11T10:22:19.422367" elapsed="1.051850"/>
</kw>
<kw name="Click Element" owner="AppiumLibrary">
<msg time="2024-10-11T10:22:20.476237" level="INFO">Clicking element 'xpath=//android.view.ViewGroup[@content-desc="Add To Cart button"]'.</msg>
<msg time="2024-10-11T10:22:20.553036" level="INFO">xpath criteria: //android.view.ViewGroup[@content-desc="Add To Cart button"]</msg>
<arg>${locator}</arg>
<doc>Click element identified by `locator`.</doc>
<status status="PASS" start="2024-10-11T10:22:20.475211" elapsed="0.077825"/>
</kw>
<arg>${add_cart}</arg>
<status status="PASS" start="2024-10-11T10:22:19.422367" elapsed="1.130669"/>
</kw>
<status status="PASS" start="2024-10-11T10:22:19.421372" elapsed="1.131664"/>
</kw>
<kw name="Click cart" owner="add_product_page">
<kw name="Tap when ready" owner="common">
<kw name="Wait Until Element Is Visible" owner="AppiumLibrary">
<msg time="2024-10-11T10:22:20.612710" level="INFO">xpath criteria: //android.view.ViewGroup[@content-desc="cart badge"]/android.widget.ImageView</msg>
<arg>${locator}</arg>
<arg>${set.waittime}</arg>
<doc>Waits until element specified with `locator` is visible.</doc>
<status status="PASS" start="2024-10-11T10:22:20.554033" elapsed="0.058677"/>
</kw>
<kw name="Click Element" owner="AppiumLibrary">
<msg time="2024-10-11T10:22:20.614704" level="INFO">Clicking element 'xpath=//android.view.ViewGroup[@content-desc="cart badge"]/android.widget.ImageView'.</msg>
<msg time="2024-10-11T10:22:21.335423" level="INFO">xpath criteria: //android.view.ViewGroup[@content-desc="cart badge"]/android.widget.ImageView</msg>
<arg>${locator}</arg>
<doc>Click element identified by `locator`.</doc>
<status status="PASS" start="2024-10-11T10:22:20.613708" elapsed="0.721715"/>
</kw>
<arg>${cart}</arg>
<status status="PASS" start="2024-10-11T10:22:20.554033" elapsed="0.781390"/>
</kw>
<status status="PASS" start="2024-10-11T10:22:20.553036" elapsed="0.782387"/>
</kw>
<status status="PASS" start="2024-10-11T10:22:19.421372" elapsed="1.914051"/>
</kw>
<kw name="Verify cart has 1 item" owner="verify_cart_page">
<kw name="Get text and regexp when ready" owner="common">
<kw name="Wait Until Element Is Visible" owner="AppiumLibrary">
<msg time="2024-10-11T10:22:22.058399" level="INFO">xpath criteria: //android.widget.TextView[@content-desc="total number"]
xpath criteria: //android.widget.TextView[@content-desc="total number"]</msg>
<arg>${locator}</arg>
<arg>${set.waittime}</arg>
<doc>Waits until element specified with `locator` is visible.</doc>
<status status="PASS" start="2024-10-11T10:22:21.336417" elapsed="0.721982"/>
</kw>
<kw name="Get Text" owner="AppiumLibrary">
<msg time="2024-10-11T10:22:22.107094" level="INFO">Element 'xpath=//android.widget.TextView[@content-desc="total number"]' text is '1 item' </msg>
<msg time="2024-10-11T10:22:22.107094" level="INFO">xpath criteria: //android.widget.TextView[@content-desc="total number"]</msg>
<msg time="2024-10-11T10:22:22.107094" level="INFO">${item_text} = 1 item</msg>
<var>${item_text}</var>
<arg>${locator}</arg>
<doc>Get element text (for hybrid and mobile browser use `xpath` locator, others might cause problem)</doc>
<status status="PASS" start="2024-10-11T10:22:22.058399" elapsed="0.048695"/>
</kw>
<kw name="Should Match Regexp" owner="BuiltIn">
<arg>${item_text}</arg>
<arg>^1.*</arg>
<doc>Fails if ``string`` does not match ``pattern`` as a regular expression.</doc>
<status status="PASS" start="2024-10-11T10:22:22.107094" elapsed="0.000000"/>
</kw>
<arg>${item}</arg>
<status status="PASS" start="2024-10-11T10:22:21.336417" elapsed="0.771675"/>
</kw>
<status status="PASS" start="2024-10-11T10:22:21.336417" elapsed="0.771675"/>
</kw>
<kw name="Close app" owner="common" type="TEARDOWN">
<kw name="Close Application" owner="AppiumLibrary">
<doc>Closes the current application and also close webdriver session.</doc>
<status status="PASS" start="2024-10-11T10:22:22.108092" elapsed="0.343894"/>
</kw>
<status status="PASS" start="2024-10-11T10:22:22.108092" elapsed="0.344898"/>
</kw>
<status status="PASS" start="2024-10-11T10:22:18.179677" elapsed="4.273313"/>
</test>
<status status="PASS" start="2024-10-11T10:22:11.330162" elapsed="11.123818"/>
</suite>
<status status="PASS" start="2024-10-11T10:22:11.329145" elapsed="11.126830"/>
</suite>
<status status="PASS" start="2024-10-11T10:22:11.304469" elapsed="11.152518"/>
</suite>
<statistics>
<total>
<stat pass="1" fail="0" skip="0">All Tests</stat>
</total>
<tag>
</tag>
<suite>
<stat pass="1" fail="0" skip="0" id="s1" name="Assignment3-0">Assignment3-0</stat>
<stat pass="1" fail="0" skip="0" id="s1-s1" name="Testcase">Assignment3-0.Testcase</stat>
<stat pass="1" fail="0" skip="0" id="s1-s1-s1" name="Testcase1">Assignment3-0.Testcase.Testcase1</stat>
</suite>
</statistics>
<errors>
</errors>
</robot>
